[debug] [2017-10-02T19:14:46.773Z] ----------------------------------------------------------------------
[debug] [2017-10-02T19:14:46.775Z] Command:       /usr/local/bin/node /usr/local/bin/firebase deploy
[debug] [2017-10-02T19:14:46.776Z] CLI Version:   3.12.0
[debug] [2017-10-02T19:14:46.776Z] Platform:      linux
[debug] [2017-10-02T19:14:46.776Z] Node Version:  v7.8.0
[debug] [2017-10-02T19:14:46.776Z] Time:          Mon Oct 02 2017 21:14:46 GMT+0200 (CEST)
[debug] [2017-10-02T19:14:46.776Z] ----------------------------------------------------------------------
[debug] 
[debug] [2017-10-02T19:14:46.787Z] > command requires scopes: ["email","openid","https://www.googleapis.com/auth/cloudplatformprojects.readonly","https://www.googleapis.com/auth/firebase","https://www.googleapis.com/auth/cloud-platform"]
[debug] [2017-10-02T19:14:46.787Z] > authorizing via signed-in user
[debug] [2017-10-02T19:14:46.789Z] > refreshing access token with scopes: ["email","https://www.googleapis.com/auth/cloud-platform","https://www.googleapis.com/auth/cloudplatformprojects.readonly","https://www.googleapis.com/auth/firebase","openid"]
[debug] [2017-10-02T19:14:46.789Z] >>> HTTP REQUEST POST https://www.googleapis.com/oauth2/v3/token { refresh_token: '1/PcK64hgCEP3cWIyn3Lp6_Wx7Up1MD8PO8V3-MxLEt60',
  client_id: '563584335869-fgrhgmd47bqnekij5i8b5pr03ho849e6.apps.googleusercontent.com',
  client_secret: 'j9iVZfS8kkCEFUPaAeJV0sAi',
  grant_type: 'refresh_token',
  scope: 'email https://www.googleapis.com/auth/cloud-platform https://www.googleapis.com/auth/cloudplatformprojects.readonly https://www.googleapis.com/auth/firebase openid' } 
 Mon Oct 02 2017 21:14:46 GMT+0200 (CEST)
[debug] [2017-10-02T19:14:46.998Z] <<< HTTP RESPONSE 200
[debug] [2017-10-02T19:14:47.009Z] >>> HTTP REQUEST GET https://admin.firebase.com/v1/projects/devfest-2017-d44d9  
 Mon Oct 02 2017 21:14:47 GMT+0200 (CEST)
[debug] [2017-10-02T19:14:48.218Z] <<< HTTP RESPONSE 200
[debug] [2017-10-02T19:14:48.224Z] >>> HTTP REQUEST GET https://admin.firebase.com/v1/database/devfest-2017-d44d9/tokens  
 Mon Oct 02 2017 21:14:48 GMT+0200 (CEST)
[debug] [2017-10-02T19:14:49.222Z] <<< HTTP RESPONSE 200
[info] 
[info] === Deploying to 'devfest-2017-d44d9'...
[info] 
[info] i  deploying database, hosting
[info] ✔  database: rules ready to deploy.
[info] i  hosting: preparing ./build directory for upload...
[debug] [2017-10-02T19:14:51.529Z] >>> HTTP REQUEST PUT https://deploy.firebase.com/v1/hosting/devfest-2017-d44d9/uploads/-KvTVmhNrjPsF18dopaI?fileCount=137&message=  
 Mon Oct 02 2017 21:14:51 GMT+0200 (CEST)
[debug] [2017-10-02T19:15:01.188Z] <<< HTTP RESPONSE 200
[debug] [2017-10-02T19:15:01.189Z] [hosting] .tgz uploaded successfully, waiting for extraction
